{"/home/abhaykumar/Desktop/SUBMITTION/Training_Submissions/ADVANCE_NODE/TESTING/src/index.js": {"path":"/home/abhaykumar/Desktop/SUBMITTION/Training_Submissions/ADVANCE_NODE/TESTING/src/index.js","statementMap":{"0":{"start":{"line":1,"column":16},"end":{"line":1,"column":34}},"1":{"start":{"line":2,"column":0},"end":{"line":2,"column":27}},"2":{"start":{"line":3,"column":19},"end":{"line":3,"column":41}},"3":{"start":{"line":5,"column":18},"end":{"line":5,"column":47}},"4":{"start":{"line":6,"column":23},"end":{"line":6,"column":54}},"5":{"start":{"line":7,"column":26},"end":{"line":7,"column":60}},"6":{"start":{"line":8,"column":25},"end":{"line":8,"column":58}},"7":{"start":{"line":10,"column":12},"end":{"line":10,"column":21}},"8":{"start":{"line":13,"column":0},"end":{"line":13,"column":52}},"9":{"start":{"line":14,"column":0},"end":{"line":14,"column":24}},"10":{"start":{"line":16,"column":0},"end":{"line":16,"column":29}},"11":{"start":{"line":17,"column":0},"end":{"line":17,"column":35}},"12":{"start":{"line":18,"column":0},"end":{"line":18,"column":33}},"13":{"start":{"line":20,"column":0},"end":{"line":25,"column":3}},"14":{"start":{"line":21,"column":2},"end":{"line":24,"column":5}},"15":{"start":{"line":27,"column":0},"end":{"line":34,"column":3}},"16":{"start":{"line":28,"column":2},"end":{"line":33,"column":3}},"17":{"start":{"line":29,"column":4},"end":{"line":29,"column":22}},"18":{"start":{"line":30,"column":4},"end":{"line":30,"column":44}},"19":{"start":{"line":32,"column":4},"end":{"line":32,"column":41}},"20":{"start":{"line":36,"column":0},"end":{"line":36,"column":21}}},"fnMap":{"0":{"name":"(anonymous_0)","decl":{"start":{"line":20,"column":8},"end":{"line":20,"column":9}},"loc":{"start":{"line":20,"column":33},"end":{"line":25,"column":1}},"line":20},"1":{"name":"(anonymous_1)","decl":{"start":{"line":27,"column":29},"end":{"line":27,"column":30}},"loc":{"start":{"line":27,"column":41},"end":{"line":34,"column":1}},"line":27}},"branchMap":{"0":{"loc":{"start":{"line":21,"column":13},"end":{"line":21,"column":30}},"type":"binary-expr","locations":[{"start":{"line":21,"column":13},"end":{"line":21,"column":23}},{"start":{"line":21,"column":27},"end":{"line":21,"column":30}}],"line":21}},"s":{"0":1,"1":1,"2":1,"3":1,"4":1,"5":1,"6":1,"7":1,"8":1,"9":1,"10":1,"11":1,"12":1,"13":1,"14":0,"15":1,"16":1,"17":1,"18":1,"19":0,"20":1},"f":{"0":0,"1":1},"b":{"0":[0,0]},"_coverageSchema":"1a1c01bbd47fc00a2c39e90264f33305004495a9","hash":"01cd7963f24bfa227e0f43558a9ac54edba567be"}
,"/home/abhaykumar/Desktop/SUBMITTION/Training_Submissions/ADVANCE_NODE/TESTING/src/Controllers/product.controller.js": {"path":"/home/abhaykumar/Desktop/SUBMITTION/Training_Submissions/ADVANCE_NODE/TESTING/src/Controllers/product.controller.js","statementMap":{"0":{"start":{"line":1,"column":16},"end":{"line":1,"column":44}},"1":{"start":{"line":3,"column":22},"end":{"line":14,"column":1}},"2":{"start":{"line":4,"column":2},"end":{"line":13,"column":3}},"3":{"start":{"line":5,"column":20},"end":{"line":8,"column":6}},"4":{"start":{"line":9,"column":4},"end":{"line":9,"column":28}},"5":{"start":{"line":10,"column":4},"end":{"line":10,"column":60}},"6":{"start":{"line":12,"column":4},"end":{"line":12,"column":23}},"7":{"start":{"line":16,"column":22},"end":{"line":67,"column":1}},"8":{"start":{"line":17,"column":2},"end":{"line":66,"column":3}},"9":{"start":{"line":18,"column":34},"end":{"line":18,"column":43}},"10":{"start":{"line":20,"column":4},"end":{"line":20,"column":26}},"11":{"start":{"line":21,"column":4},"end":{"line":21,"column":28}},"12":{"start":{"line":23,"column":4},"end":{"line":27,"column":5}},"13":{"start":{"line":24,"column":20},"end":{"line":24,"column":61}},"14":{"start":{"line":25,"column":6},"end":{"line":25,"column":25}},"15":{"start":{"line":26,"column":6},"end":{"line":26,"column":18}},"16":{"start":{"line":29,"column":4},"end":{"line":33,"column":5}},"17":{"start":{"line":30,"column":20},"end":{"line":30,"column":55}},"18":{"start":{"line":31,"column":6},"end":{"line":31,"column":25}},"19":{"start":{"line":32,"column":6},"end":{"line":32,"column":18}},"20":{"start":{"line":35,"column":21},"end":{"line":59,"column":6}},"21":{"start":{"line":61,"column":4},"end":{"line":63,"column":63}},"22":{"start":{"line":65,"column":4},"end":{"line":65,"column":23}},"23":{"start":{"line":69,"column":22},"end":{"line":109,"column":1}},"24":{"start":{"line":70,"column":2},"end":{"line":108,"column":3}},"25":{"start":{"line":71,"column":4},"end":{"line":75,"column":5}},"26":{"start":{"line":72,"column":20},"end":{"line":72,"column":59}},"27":{"start":{"line":73,"column":6},"end":{"line":73,"column":25}},"28":{"start":{"line":74,"column":6},"end":{"line":74,"column":18}},"29":{"start":{"line":76,"column":23},"end":{"line":76,"column":39}},"30":{"start":{"line":77,"column":21},"end":{"line":102,"column":6}},"31":{"start":{"line":103,"column":4},"end":{"line":105,"column":63}},"32":{"start":{"line":107,"column":4},"end":{"line":107,"column":23}},"33":{"start":{"line":111,"column":0},"end":{"line":111,"column":65}}},"fnMap":{"0":{"name":"(anonymous_0)","decl":{"start":{"line":3,"column":22},"end":{"line":3,"column":23}},"loc":{"start":{"line":3,"column":48},"end":{"line":14,"column":1}},"line":3},"1":{"name":"(anonymous_1)","decl":{"start":{"line":16,"column":22},"end":{"line":16,"column":23}},"loc":{"start":{"line":16,"column":48},"end":{"line":67,"column":1}},"line":16},"2":{"name":"(anonymous_2)","decl":{"start":{"line":69,"column":22},"end":{"line":69,"column":23}},"loc":{"start":{"line":69,"column":48},"end":{"line":109,"column":1}},"line":69}},"branchMap":{"0":{"loc":{"start":{"line":18,"column":10},"end":{"line":18,"column":18}},"type":"default-arg","locations":[{"start":{"line":18,"column":17},"end":{"line":18,"column":18}}],"line":18},"1":{"loc":{"start":{"line":18,"column":20},"end":{"line":18,"column":29}},"type":"default-arg","locations":[{"start":{"line":18,"column":28},"end":{"line":18,"column":29}}],"line":18},"2":{"loc":{"start":{"line":23,"column":4},"end":{"line":27,"column":5}},"type":"if","locations":[{"start":{"line":23,"column":4},"end":{"line":27,"column":5}},{"start":{},"end":{}}],"line":23},"3":{"loc":{"start":{"line":29,"column":4},"end":{"line":33,"column":5}},"type":"if","locations":[{"start":{"line":29,"column":4},"end":{"line":33,"column":5}},{"start":{},"end":{}}],"line":29},"4":{"loc":{"start":{"line":71,"column":4},"end":{"line":75,"column":5}},"type":"if","locations":[{"start":{"line":71,"column":4},"end":{"line":75,"column":5}},{"start":{},"end":{}}],"line":71}},"s":{"0":1,"1":1,"2":1,"3":1,"4":1,"5":1,"6":0,"7":1,"8":1,"9":1,"10":1,"11":1,"12":1,"13":0,"14":0,"15":0,"16":1,"17":0,"18":0,"19":0,"20":1,"21":1,"22":0,"23":1,"24":0,"25":0,"26":0,"27":0,"28":0,"29":0,"30":0,"31":0,"32":0,"33":1},"f":{"0":1,"1":1,"2":0},"b":{"0":[1],"1":[1],"2":[0,1],"3":[0,1],"4":[0,0]},"_coverageSchema":"1a1c01bbd47fc00a2c39e90264f33305004495a9","hash":"09914d55fa9c80a0c849535d0cf33e38edf493d3"}
,"/home/abhaykumar/Desktop/SUBMITTION/Training_Submissions/ADVANCE_NODE/TESTING/src/Controllers/review.controller.js": {"path":"/home/abhaykumar/Desktop/SUBMITTION/Training_Submissions/ADVANCE_NODE/TESTING/src/Controllers/review.controller.js","statementMap":{"0":{"start":{"line":1,"column":15},"end":{"line":1,"column":42}},"1":{"start":{"line":3,"column":21},"end":{"line":13,"column":1}},"2":{"start":{"line":4,"column":2},"end":{"line":12,"column":3}},"3":{"start":{"line":5,"column":19},"end":{"line":8,"column":6}},"4":{"start":{"line":9,"column":4},"end":{"line":9,"column":59}},"5":{"start":{"line":11,"column":4},"end":{"line":11,"column":23}},"6":{"start":{"line":15,"column":21},"end":{"line":53,"column":1}},"7":{"start":{"line":16,"column":2},"end":{"line":52,"column":3}},"8":{"start":{"line":17,"column":34},"end":{"line":17,"column":43}},"9":{"start":{"line":19,"column":4},"end":{"line":19,"column":26}},"10":{"start":{"line":20,"column":4},"end":{"line":20,"column":28}},"11":{"start":{"line":22,"column":4},"end":{"line":26,"column":5}},"12":{"start":{"line":23,"column":20},"end":{"line":23,"column":61}},"13":{"start":{"line":24,"column":6},"end":{"line":24,"column":25}},"14":{"start":{"line":25,"column":6},"end":{"line":25,"column":18}},"15":{"start":{"line":28,"column":4},"end":{"line":32,"column":5}},"16":{"start":{"line":29,"column":20},"end":{"line":29,"column":55}},"17":{"start":{"line":30,"column":6},"end":{"line":30,"column":25}},"18":{"start":{"line":31,"column":6},"end":{"line":31,"column":18}},"19":{"start":{"line":34,"column":20},"end":{"line":47,"column":6}},"20":{"start":{"line":49,"column":4},"end":{"line":49,"column":72}},"21":{"start":{"line":51,"column":4},"end":{"line":51,"column":23}},"22":{"start":{"line":55,"column":0},"end":{"line":55,"column":48}}},"fnMap":{"0":{"name":"(anonymous_0)","decl":{"start":{"line":3,"column":21},"end":{"line":3,"column":22}},"loc":{"start":{"line":3,"column":47},"end":{"line":13,"column":1}},"line":3},"1":{"name":"(anonymous_1)","decl":{"start":{"line":15,"column":21},"end":{"line":15,"column":22}},"loc":{"start":{"line":15,"column":47},"end":{"line":53,"column":1}},"line":15}},"branchMap":{"0":{"loc":{"start":{"line":17,"column":10},"end":{"line":17,"column":18}},"type":"default-arg","locations":[{"start":{"line":17,"column":17},"end":{"line":17,"column":18}}],"line":17},"1":{"loc":{"start":{"line":17,"column":20},"end":{"line":17,"column":29}},"type":"default-arg","locations":[{"start":{"line":17,"column":28},"end":{"line":17,"column":29}}],"line":17},"2":{"loc":{"start":{"line":22,"column":4},"end":{"line":26,"column":5}},"type":"if","locations":[{"start":{"line":22,"column":4},"end":{"line":26,"column":5}},{"start":{},"end":{}}],"line":22},"3":{"loc":{"start":{"line":28,"column":4},"end":{"line":32,"column":5}},"type":"if","locations":[{"start":{"line":28,"column":4},"end":{"line":32,"column":5}},{"start":{},"end":{}}],"line":28}},"s":{"0":1,"1":1,"2":1,"3":1,"4":1,"5":0,"6":1,"7":1,"8":1,"9":1,"10":1,"11":1,"12":0,"13":0,"14":0,"15":1,"16":0,"17":0,"18":0,"19":1,"20":1,"21":0,"22":1},"f":{"0":1,"1":1},"b":{"0":[1],"1":[1],"2":[0,1],"3":[0,1]},"_coverageSchema":"1a1c01bbd47fc00a2c39e90264f33305004495a9","hash":"bdabd5ecb8f57f893a345d6da25990651a9dd50f"}
,"/home/abhaykumar/Desktop/SUBMITTION/Training_Submissions/ADVANCE_NODE/TESTING/src/Controllers/user.controllers.js": {"path":"/home/abhaykumar/Desktop/SUBMITTION/Training_Submissions/ADVANCE_NODE/TESTING/src/Controllers/user.controllers.js","statementMap":{"0":{"start":{"line":1,"column":13},"end":{"line":1,"column":40}},"1":{"start":{"line":2,"column":15},"end":{"line":2,"column":32}},"2":{"start":{"line":3,"column":12},"end":{"line":3,"column":35}},"3":{"start":{"line":4,"column":30},"end":{"line":4,"column":49}},"4":{"start":{"line":5,"column":16},"end":{"line":5,"column":44}},"5":{"start":{"line":7,"column":21},"end":{"line":17,"column":1}},"6":{"start":{"line":8,"column":2},"end":{"line":16,"column":3}},"7":{"start":{"line":9,"column":32},"end":{"line":9,"column":40}},"8":{"start":{"line":10,"column":17},"end":{"line":10,"column":41}},"9":{"start":{"line":11,"column":27},"end":{"line":11,"column":60}},"10":{"start":{"line":12,"column":17},"end":{"line":12,"column":71}},"11":{"start":{"line":13,"column":4},"end":{"line":13,"column":67}},"12":{"start":{"line":15,"column":4},"end":{"line":15,"column":23}},"13":{"start":{"line":19,"column":18},"end":{"line":44,"column":1}},"14":{"start":{"line":20,"column":2},"end":{"line":43,"column":3}},"15":{"start":{"line":21,"column":32},"end":{"line":21,"column":40}},"16":{"start":{"line":22,"column":17},"end":{"line":22,"column":46}},"17":{"start":{"line":23,"column":4},"end":{"line":27,"column":5}},"18":{"start":{"line":24,"column":20},"end":{"line":24,"column":47}},"19":{"start":{"line":25,"column":6},"end":{"line":25,"column":25}},"20":{"start":{"line":26,"column":6},"end":{"line":26,"column":18}},"21":{"start":{"line":29,"column":28},"end":{"line":29,"column":73}},"22":{"start":{"line":31,"column":4},"end":{"line":35,"column":5}},"23":{"start":{"line":32,"column":20},"end":{"line":32,"column":51}},"24":{"start":{"line":33,"column":6},"end":{"line":33,"column":25}},"25":{"start":{"line":34,"column":6},"end":{"line":34,"column":18}},"26":{"start":{"line":36,"column":18},"end":{"line":38,"column":6}},"27":{"start":{"line":40,"column":4},"end":{"line":40,"column":58}},"28":{"start":{"line":42,"column":4},"end":{"line":42,"column":23}},"29":{"start":{"line":46,"column":32},"end":{"line":89,"column":1}},"30":{"start":{"line":47,"column":2},"end":{"line":88,"column":3}},"31":{"start":{"line":48,"column":18},"end":{"line":83,"column":6}},"32":{"start":{"line":85,"column":4},"end":{"line":85,"column":78}},"33":{"start":{"line":87,"column":4},"end":{"line":87,"column":23}},"34":{"start":{"line":91,"column":36},"end":{"line":128,"column":1}},"35":{"start":{"line":92,"column":2},"end":{"line":127,"column":3}},"36":{"start":{"line":93,"column":18},"end":{"line":122,"column":6}},"37":{"start":{"line":124,"column":4},"end":{"line":124,"column":58}},"38":{"start":{"line":126,"column":4},"end":{"line":126,"column":23}},"39":{"start":{"line":130,"column":0},"end":{"line":135,"column":2}}},"fnMap":{"0":{"name":"(anonymous_0)","decl":{"start":{"line":7,"column":21},"end":{"line":7,"column":22}},"loc":{"start":{"line":7,"column":47},"end":{"line":17,"column":1}},"line":7},"1":{"name":"(anonymous_1)","decl":{"start":{"line":19,"column":18},"end":{"line":19,"column":19}},"loc":{"start":{"line":19,"column":44},"end":{"line":44,"column":1}},"line":19},"2":{"name":"(anonymous_2)","decl":{"start":{"line":46,"column":32},"end":{"line":46,"column":33}},"loc":{"start":{"line":46,"column":58},"end":{"line":89,"column":1}},"line":46},"3":{"name":"(anonymous_3)","decl":{"start":{"line":91,"column":36},"end":{"line":91,"column":37}},"loc":{"start":{"line":91,"column":62},"end":{"line":128,"column":1}},"line":91}},"branchMap":{"0":{"loc":{"start":{"line":23,"column":4},"end":{"line":27,"column":5}},"type":"if","locations":[{"start":{"line":23,"column":4},"end":{"line":27,"column":5}},{"start":{},"end":{}}],"line":23},"1":{"loc":{"start":{"line":31,"column":4},"end":{"line":35,"column":5}},"type":"if","locations":[{"start":{"line":31,"column":4},"end":{"line":35,"column":5}},{"start":{},"end":{}}],"line":31}},"s":{"0":1,"1":1,"2":1,"3":1,"4":1,"5":1,"6":1,"7":1,"8":1,"9":1,"10":1,"11":1,"12":0,"13":1,"14":1,"15":1,"16":1,"17":1,"18":0,"19":0,"20":0,"21":1,"22":1,"23":0,"24":0,"25":0,"26":1,"27":1,"28":0,"29":1,"30":1,"31":1,"32":1,"33":0,"34":1,"35":1,"36":1,"37":1,"38":0,"39":1},"f":{"0":1,"1":1,"2":1,"3":1},"b":{"0":[0,1],"1":[0,1]},"_coverageSchema":"1a1c01bbd47fc00a2c39e90264f33305004495a9","hash":"0330c3d8c307d0370cd4236b94ba406edfb40aa5"}
,"/home/abhaykumar/Desktop/SUBMITTION/Training_Submissions/ADVANCE_NODE/TESTING/src/Middlewares/isAuth.js": {"path":"/home/abhaykumar/Desktop/SUBMITTION/Training_Submissions/ADVANCE_NODE/TESTING/src/Middlewares/isAuth.js","statementMap":{"0":{"start":{"line":1,"column":12},"end":{"line":1,"column":35}},"1":{"start":{"line":2,"column":0},"end":{"line":2,"column":27}},"2":{"start":{"line":4,"column":19},"end":{"line":19,"column":1}},"3":{"start":{"line":5,"column":2},"end":{"line":18,"column":3}},"4":{"start":{"line":6,"column":18},"end":{"line":6,"column":41}},"5":{"start":{"line":8,"column":4},"end":{"line":12,"column":5}},"6":{"start":{"line":9,"column":20},"end":{"line":9,"column":45}},"7":{"start":{"line":10,"column":6},"end":{"line":10,"column":25}},"8":{"start":{"line":11,"column":6},"end":{"line":11,"column":18}},"9":{"start":{"line":13,"column":17},"end":{"line":13,"column":58}},"10":{"start":{"line":14,"column":4},"end":{"line":14,"column":25}},"11":{"start":{"line":15,"column":4},"end":{"line":15,"column":11}},"12":{"start":{"line":17,"column":4},"end":{"line":17,"column":16}},"13":{"start":{"line":21,"column":0},"end":{"line":21,"column":28}}},"fnMap":{"0":{"name":"(anonymous_0)","decl":{"start":{"line":4,"column":19},"end":{"line":4,"column":20}},"loc":{"start":{"line":4,"column":39},"end":{"line":19,"column":1}},"line":4}},"branchMap":{"0":{"loc":{"start":{"line":8,"column":4},"end":{"line":12,"column":5}},"type":"if","locations":[{"start":{"line":8,"column":4},"end":{"line":12,"column":5}},{"start":{},"end":{}}],"line":8}},"s":{"0":1,"1":1,"2":1,"3":3,"4":3,"5":3,"6":0,"7":0,"8":0,"9":3,"10":3,"11":3,"12":0,"13":1},"f":{"0":3},"b":{"0":[0,3]},"_coverageSchema":"1a1c01bbd47fc00a2c39e90264f33305004495a9","hash":"1ac227c8de7bd2f9a2c72e47ff3e15babcec38ca"}
,"/home/abhaykumar/Desktop/SUBMITTION/Training_Submissions/ADVANCE_NODE/TESTING/src/Middlewares/validateAuthData.js": {"path":"/home/abhaykumar/Desktop/SUBMITTION/Training_Submissions/ADVANCE_NODE/TESTING/src/Middlewares/validateAuthData.js","statementMap":{"0":{"start":{"line":1,"column":12},"end":{"line":1,"column":26}},"1":{"start":{"line":3,"column":25},"end":{"line":19,"column":1}},"2":{"start":{"line":4,"column":17},"end":{"line":7,"column":4}},"3":{"start":{"line":9,"column":20},"end":{"line":12,"column":4}},"4":{"start":{"line":13,"column":2},"end":{"line":16,"column":3}},"5":{"start":{"line":14,"column":4},"end":{"line":14,"column":23}},"6":{"start":{"line":15,"column":4},"end":{"line":15,"column":23}},"7":{"start":{"line":18,"column":2},"end":{"line":18,"column":9}},"8":{"start":{"line":21,"column":0},"end":{"line":21,"column":34}}},"fnMap":{"0":{"name":"(anonymous_0)","decl":{"start":{"line":3,"column":25},"end":{"line":3,"column":26}},"loc":{"start":{"line":3,"column":45},"end":{"line":19,"column":1}},"line":3}},"branchMap":{"0":{"loc":{"start":{"line":13,"column":2},"end":{"line":16,"column":3}},"type":"if","locations":[{"start":{"line":13,"column":2},"end":{"line":16,"column":3}},{"start":{},"end":{}}],"line":13}},"s":{"0":1,"1":1,"2":2,"3":2,"4":2,"5":0,"6":0,"7":2,"8":1},"f":{"0":2},"b":{"0":[0,2]},"_coverageSchema":"1a1c01bbd47fc00a2c39e90264f33305004495a9","hash":"1735b556c64a2b812aaccd00ff751ca5fd918e99"}
,"/home/abhaykumar/Desktop/SUBMITTION/Training_Submissions/ADVANCE_NODE/TESTING/src/Middlewares/validateProductData.js": {"path":"/home/abhaykumar/Desktop/SUBMITTION/Training_Submissions/ADVANCE_NODE/TESTING/src/Middlewares/validateProductData.js","statementMap":{"0":{"start":{"line":1,"column":12},"end":{"line":1,"column":26}},"1":{"start":{"line":3,"column":28},"end":{"line":16,"column":1}},"2":{"start":{"line":4,"column":19},"end":{"line":8,"column":6}},"3":{"start":{"line":10,"column":22},"end":{"line":10,"column":55}},"4":{"start":{"line":11,"column":4},"end":{"line":14,"column":5}},"5":{"start":{"line":12,"column":8},"end":{"line":12,"column":27}},"6":{"start":{"line":13,"column":8},"end":{"line":13,"column":27}},"7":{"start":{"line":15,"column":4},"end":{"line":15,"column":11}},"8":{"start":{"line":18,"column":0},"end":{"line":18,"column":37}}},"fnMap":{"0":{"name":"(anonymous_0)","decl":{"start":{"line":3,"column":28},"end":{"line":3,"column":29}},"loc":{"start":{"line":3,"column":48},"end":{"line":16,"column":1}},"line":3}},"branchMap":{"0":{"loc":{"start":{"line":11,"column":4},"end":{"line":14,"column":5}},"type":"if","locations":[{"start":{"line":11,"column":4},"end":{"line":14,"column":5}},{"start":{},"end":{}}],"line":11}},"s":{"0":1,"1":1,"2":1,"3":1,"4":1,"5":0,"6":0,"7":1,"8":1},"f":{"0":1},"b":{"0":[0,1]},"_coverageSchema":"1a1c01bbd47fc00a2c39e90264f33305004495a9","hash":"50782b437b400cfe4cf2cf6f3cb6136ea5b16986"}
,"/home/abhaykumar/Desktop/SUBMITTION/Training_Submissions/ADVANCE_NODE/TESTING/src/Models/Product.js": {"path":"/home/abhaykumar/Desktop/SUBMITTION/Training_Submissions/ADVANCE_NODE/TESTING/src/Models/Product.js","statementMap":{"0":{"start":{"line":1,"column":17},"end":{"line":1,"column":36}},"1":{"start":{"line":3,"column":22},"end":{"line":21,"column":2}},"2":{"start":{"line":22,"column":0},"end":{"line":22,"column":59}},"3":{"start":{"line":23,"column":16},"end":{"line":23,"column":56}},"4":{"start":{"line":24,"column":0},"end":{"line":24,"column":25}}},"fnMap":{},"branchMap":{},"s":{"0":1,"1":1,"2":1,"3":1,"4":1},"f":{},"b":{},"_coverageSchema":"1a1c01bbd47fc00a2c39e90264f33305004495a9","hash":"99b11b3824ac4c79b51702f1aa591f7717c09113"}
,"/home/abhaykumar/Desktop/SUBMITTION/Training_Submissions/ADVANCE_NODE/TESTING/src/Models/Review.js": {"path":"/home/abhaykumar/Desktop/SUBMITTION/Training_Submissions/ADVANCE_NODE/TESTING/src/Models/Review.js","statementMap":{"0":{"start":{"line":1,"column":17},"end":{"line":1,"column":36}},"1":{"start":{"line":3,"column":21},"end":{"line":20,"column":2}},"2":{"start":{"line":21,"column":15},"end":{"line":21,"column":53}},"3":{"start":{"line":22,"column":0},"end":{"line":22,"column":24}}},"fnMap":{},"branchMap":{},"s":{"0":1,"1":1,"2":1,"3":1},"f":{},"b":{},"_coverageSchema":"1a1c01bbd47fc00a2c39e90264f33305004495a9","hash":"8682d3ad660ed84dfaba3605e64b843fc09a7d5c"}
,"/home/abhaykumar/Desktop/SUBMITTION/Training_Submissions/ADVANCE_NODE/TESTING/src/Models/User.js": {"path":"/home/abhaykumar/Desktop/SUBMITTION/Training_Submissions/ADVANCE_NODE/TESTING/src/Models/User.js","statementMap":{"0":{"start":{"line":1,"column":17},"end":{"line":1,"column":36}},"1":{"start":{"line":3,"column":19},"end":{"line":20,"column":2}},"2":{"start":{"line":10,"column":16},"end":{"line":10,"column":50}},"3":{"start":{"line":12,"column":32},"end":{"line":12,"column":78}},"4":{"start":{"line":22,"column":13},"end":{"line":22,"column":47}},"5":{"start":{"line":24,"column":0},"end":{"line":24,"column":22}}},"fnMap":{"0":{"name":"(anonymous_0)","decl":{"start":{"line":9,"column":23},"end":{"line":9,"column":24}},"loc":{"start":{"line":9,"column":38},"end":{"line":11,"column":13}},"line":9},"1":{"name":"(anonymous_1)","decl":{"start":{"line":12,"column":21},"end":{"line":12,"column":22}},"loc":{"start":{"line":12,"column":32},"end":{"line":12,"column":78}},"line":12}},"branchMap":{},"s":{"0":1,"1":1,"2":1,"3":0,"4":1,"5":1},"f":{"0":1,"1":0},"b":{},"_coverageSchema":"1a1c01bbd47fc00a2c39e90264f33305004495a9","hash":"adf73049ffbf929fcd7ae5dd88dc12e94842bd11"}
,"/home/abhaykumar/Desktop/SUBMITTION/Training_Submissions/ADVANCE_NODE/TESTING/src/Routes/product.routes.js": {"path":"/home/abhaykumar/Desktop/SUBMITTION/Training_Submissions/ADVANCE_NODE/TESTING/src/Routes/product.routes.js","statementMap":{"0":{"start":{"line":1,"column":16},"end":{"line":1,"column":34}},"1":{"start":{"line":2,"column":15},"end":{"line":2,"column":31}},"2":{"start":{"line":7,"column":4},"end":{"line":7,"column":48}},"3":{"start":{"line":8,"column":19},"end":{"line":8,"column":51}},"4":{"start":{"line":9,"column":28},"end":{"line":9,"column":73}},"5":{"start":{"line":11,"column":0},"end":{"line":11,"column":68}},"6":{"start":{"line":12,"column":0},"end":{"line":12,"column":31}},"7":{"start":{"line":13,"column":0},"end":{"line":13,"column":37}},"8":{"start":{"line":15,"column":0},"end":{"line":15,"column":43}}},"fnMap":{},"branchMap":{},"s":{"0":1,"1":1,"2":1,"3":1,"4":1,"5":1,"6":1,"7":1,"8":1},"f":{},"b":{},"_coverageSchema":"1a1c01bbd47fc00a2c39e90264f33305004495a9","hash":"a4acae8dd72e521438e511752fa42b9cf81fbf29"}
,"/home/abhaykumar/Desktop/SUBMITTION/Training_Submissions/ADVANCE_NODE/TESTING/src/Routes/review.routes.js": {"path":"/home/abhaykumar/Desktop/SUBMITTION/Training_Submissions/ADVANCE_NODE/TESTING/src/Routes/review.routes.js","statementMap":{"0":{"start":{"line":1,"column":16},"end":{"line":1,"column":34}},"1":{"start":{"line":2,"column":15},"end":{"line":2,"column":31}},"2":{"start":{"line":4,"column":39},"end":{"line":4,"column":82}},"3":{"start":{"line":5,"column":19},"end":{"line":5,"column":51}},"4":{"start":{"line":7,"column":0},"end":{"line":7,"column":30}},"5":{"start":{"line":8,"column":0},"end":{"line":8,"column":46}},"6":{"start":{"line":10,"column":0},"end":{"line":10,"column":42}}},"fnMap":{},"branchMap":{},"s":{"0":1,"1":1,"2":1,"3":1,"4":1,"5":1,"6":1},"f":{},"b":{},"_coverageSchema":"1a1c01bbd47fc00a2c39e90264f33305004495a9","hash":"9f674bfae3b8a039b6c6963b121d490b83ef0745"}
,"/home/abhaykumar/Desktop/SUBMITTION/Training_Submissions/ADVANCE_NODE/TESTING/src/Routes/user.routes.js": {"path":"/home/abhaykumar/Desktop/SUBMITTION/Training_Submissions/ADVANCE_NODE/TESTING/src/Routes/user.routes.js","statementMap":{"0":{"start":{"line":1,"column":16},"end":{"line":1,"column":34}},"1":{"start":{"line":2,"column":19},"end":{"line":2,"column":51}},"2":{"start":{"line":3,"column":25},"end":{"line":3,"column":67}},"3":{"start":{"line":4,"column":15},"end":{"line":4,"column":31}},"4":{"start":{"line":6,"column":90},"end":{"line":6,"column":134}},"5":{"start":{"line":8,"column":0},"end":{"line":8,"column":51}},"6":{"start":{"line":9,"column":0},"end":{"line":9,"column":57}},"7":{"start":{"line":10,"column":0},"end":{"line":10,"column":60}},"8":{"start":{"line":11,"column":0},"end":{"line":11,"column":57}},"9":{"start":{"line":13,"column":0},"end":{"line":13,"column":40}}},"fnMap":{},"branchMap":{},"s":{"0":1,"1":1,"2":1,"3":1,"4":1,"5":1,"6":1,"7":1,"8":1,"9":1},"f":{},"b":{},"_coverageSchema":"1a1c01bbd47fc00a2c39e90264f33305004495a9","hash":"4c4e825e1b008f2d7dfb52d1baeacdad8ea8e7a1"}
,"/home/abhaykumar/Desktop/SUBMITTION/Training_Submissions/ADVANCE_NODE/TESTING/src/Utils/connection.js": {"path":"/home/abhaykumar/Desktop/SUBMITTION/Training_Submissions/ADVANCE_NODE/TESTING/src/Utils/connection.js","statementMap":{"0":{"start":{"line":1,"column":17},"end":{"line":1,"column":36}},"1":{"start":{"line":3,"column":0},"end":{"line":5,"column":2}},"2":{"start":{"line":4,"column":2},"end":{"line":4,"column":59}}},"fnMap":{"0":{"name":"(anonymous_0)","decl":{"start":{"line":3,"column":17},"end":{"line":3,"column":18}},"loc":{"start":{"line":3,"column":29},"end":{"line":5,"column":1}},"line":3}},"branchMap":{},"s":{"0":1,"1":1,"2":1},"f":{"0":1},"b":{},"_coverageSchema":"1a1c01bbd47fc00a2c39e90264f33305004495a9","hash":"dea271d19a4f9b4dd3508d3433240c762b7de8b9"}
}
