TN:
SF:src/index.js
FN:20,(anonymous_0)
FN:27,(anonymous_1)
FNF:2
FNH:2
FNDA:10,(anonymous_0)
FNDA:1,(anonymous_1)
DA:1,1
DA:2,1
DA:3,1
DA:5,1
DA:6,1
DA:7,1
DA:8,1
DA:10,1
DA:13,1
DA:14,1
DA:16,1
DA:17,1
DA:18,1
DA:20,1
DA:21,10
DA:27,1
DA:28,1
DA:29,1
DA:30,1
DA:32,0
DA:33,0
DA:37,1
LF:22
LH:20
BRDA:21,0,0,10
BRDA:21,0,1,0
BRF:2
BRH:1
end_of_record
TN:
SF:src/Controllers/product.controller.js
FN:3,(anonymous_0)
FN:15,(anonymous_1)
FN:67,(anonymous_2)
FNF:3
FNH:3
FNDA:1,(anonymous_0)
FNDA:4,(anonymous_1)
FNDA:2,(anonymous_2)
DA:1,1
DA:3,1
DA:4,1
DA:5,1
DA:9,1
DA:11,0
DA:15,1
DA:16,4
DA:17,4
DA:19,4
DA:20,4
DA:21,4
DA:22,1
DA:23,1
DA:24,1
DA:27,3
DA:28,1
DA:29,1
DA:30,1
DA:33,2
DA:59,2
DA:63,2
DA:67,1
DA:68,2
DA:69,2
DA:70,1
DA:71,1
DA:72,1
DA:74,1
DA:75,1
DA:101,1
DA:105,1
DA:109,1
LF:33
LH:32
BRDA:17,0,0,2
BRDA:17,1,0,2
BRDA:21,2,0,1
BRDA:21,2,1,3
BRDA:27,3,0,1
BRDA:27,3,1,2
BRDA:69,4,0,1
BRDA:69,4,1,1
BRF:8
BRH:8
end_of_record
TN:
SF:src/Controllers/review.controller.js
FN:3,(anonymous_0)
FN:15,(anonymous_1)
FNF:2
FNH:2
FNDA:1,(anonymous_0)
FNDA:4,(anonymous_1)
DA:1,1
DA:3,1
DA:4,1
DA:5,1
DA:9,1
DA:11,0
DA:15,1
DA:16,4
DA:17,4
DA:19,4
DA:20,4
DA:22,4
DA:23,1
DA:24,1
DA:25,1
DA:28,3
DA:29,1
DA:30,1
DA:31,1
DA:34,2
DA:49,2
DA:51,2
DA:55,1
LF:23
LH:22
BRDA:17,0,0,2
BRDA:17,1,0,2
BRDA:22,2,0,1
BRDA:22,2,1,3
BRDA:28,3,0,1
BRDA:28,3,1,2
BRF:6
BRH:6
end_of_record
TN:
SF:src/Controllers/user.controllers.js
FN:7,(anonymous_0)
FN:19,(anonymous_1)
FN:46,(anonymous_2)
FN:91,(anonymous_3)
FNF:4
FNH:4
FNDA:1,(anonymous_0)
FNDA:3,(anonymous_1)
FNDA:1,(anonymous_2)
FNDA:1,(anonymous_3)
DA:1,1
DA:2,1
DA:3,1
DA:4,1
DA:5,1
DA:7,1
DA:8,1
DA:9,1
DA:10,1
DA:11,1
DA:12,1
DA:13,1
DA:15,0
DA:19,1
DA:20,3
DA:21,3
DA:22,3
DA:23,3
DA:24,1
DA:25,1
DA:26,1
DA:29,2
DA:31,2
DA:32,1
DA:33,1
DA:34,1
DA:36,1
DA:40,1
DA:42,2
DA:46,1
DA:47,1
DA:48,1
DA:85,1
DA:87,0
DA:91,1
DA:92,1
DA:93,1
DA:124,1
DA:126,0
DA:130,1
LF:40
LH:37
BRDA:23,0,0,1
BRDA:23,0,1,2
BRDA:31,1,0,1
BRDA:31,1,1,1
BRF:4
BRH:4
end_of_record
TN:
SF:src/Middlewares/isAuth.js
FN:4,(anonymous_0)
FNF:1
FNH:1
FNDA:5,(anonymous_0)
DA:1,1
DA:2,1
DA:4,1
DA:5,5
DA:6,5
DA:8,5
DA:9,1
DA:10,1
DA:11,1
DA:13,4
DA:14,4
DA:15,4
DA:17,1
DA:21,1
LF:14
LH:14
BRDA:8,0,0,1
BRDA:8,0,1,4
BRF:2
BRH:2
end_of_record
TN:
SF:src/Middlewares/validateAuthData.js
FN:3,(anonymous_0)
FNF:1
FNH:1
FNDA:5,(anonymous_0)
DA:1,1
DA:3,1
DA:4,5
DA:9,5
DA:13,5
DA:14,1
DA:15,1
DA:18,4
DA:21,1
LF:9
LH:9
BRDA:13,0,0,1
BRDA:13,0,1,4
BRF:2
BRH:2
end_of_record
TN:
SF:src/Middlewares/validateProductData.js
FN:3,(anonymous_0)
FNF:1
FNH:1
FNDA:2,(anonymous_0)
DA:1,1
DA:3,1
DA:4,2
DA:10,2
DA:11,2
DA:12,1
DA:13,1
DA:15,1
DA:18,1
LF:9
LH:9
BRDA:11,0,0,1
BRDA:11,0,1,1
BRF:2
BRH:2
end_of_record
TN:
SF:src/Models/Product.js
FNF:0
FNH:0
DA:1,1
DA:3,1
DA:22,1
DA:23,1
DA:24,1
LF:5
LH:5
BRF:0
BRH:0
end_of_record
TN:
SF:src/Models/Review.js
FNF:0
FNH:0
DA:1,1
DA:3,1
DA:21,1
DA:22,1
LF:4
LH:4
BRF:0
BRH:0
end_of_record
TN:
SF:src/Models/User.js
FN:9,(anonymous_0)
FN:12,(anonymous_1)
FNF:2
FNH:1
FNDA:1,(anonymous_0)
FNDA:0,(anonymous_1)
DA:1,1
DA:3,1
DA:10,1
DA:12,0
DA:22,1
DA:24,1
LF:6
LH:5
BRF:0
BRH:0
end_of_record
TN:
SF:src/Routes/product.routes.js
FNF:0
FNH:0
DA:1,1
DA:2,1
DA:7,1
DA:8,1
DA:9,1
DA:11,1
DA:12,1
DA:13,1
DA:15,1
LF:9
LH:9
BRF:0
BRH:0
end_of_record
TN:
SF:src/Routes/review.routes.js
FNF:0
FNH:0
DA:1,1
DA:2,1
DA:4,1
DA:5,1
DA:7,1
DA:8,1
DA:10,1
LF:7
LH:7
BRF:0
BRH:0
end_of_record
TN:
SF:src/Routes/user.routes.js
FNF:0
FNH:0
DA:1,1
DA:2,1
DA:3,1
DA:4,1
DA:6,1
DA:8,1
DA:9,1
DA:10,1
DA:11,1
DA:13,1
LF:10
LH:10
BRF:0
BRH:0
end_of_record
TN:
SF:src/Utils/connection.js
FN:3,(anonymous_0)
FNF:1
FNH:1
FNDA:1,(anonymous_0)
DA:1,1
DA:3,1
DA:4,1
LF:3
LH:3
BRF:0
BRH:0
end_of_record
